TN:
SF:src/index.js
FN:6,getFixturePath
FN:7,readFile
FN:9,gendiff
FNF:3
FNH:3
FNDA:2,getFixturePath
FNDA:2,readFile
FNDA:1,gendiff
DA:1,1
DA:2,1
DA:3,1
DA:4,1
DA:5,1
DA:6,1
DA:7,1
DA:8,1
DA:9,1
DA:10,1
DA:11,1
DA:12,1
DA:13,1
DA:14,1
DA:15,1
DA:16,5
DA:17,1
DA:18,1
DA:19,5
DA:20,1
DA:21,1
DA:22,1
DA:23,5
DA:24,2
DA:25,2
DA:26,5
DA:27,1
DA:28,1
DA:29,5
DA:30,1
DA:31,1
DA:32,1
DA:33,1
DA:34,1
DA:35,1
DA:36,1
DA:37,1
LF:37
LH:37
BRDA:6,0,0,2
BRDA:7,1,0,2
BRDA:9,2,0,1
BRDA:15,3,0,5
BRDA:16,4,0,4
BRDA:16,5,0,2
BRDA:16,6,0,1
BRDA:19,7,0,4
BRDA:19,8,0,2
BRDA:19,9,0,1
BRDA:23,10,0,4
BRDA:23,11,0,2
BRDA:26,12,0,1
BRDA:26,13,0,1
BRF:14
BRH:14
end_of_record
